<?xml version="1.0" encoding="UTF-8"?><testsuite errors="1" failures="0" name="Register at utest platform" skipped="0" tests="1" time="25.3" timestamp="2021-07-01 09:08:14"><testcase name="Reister at the utest page"><error message="no such window: target window already closed&#10;from unknown error: web view not found&#10;  (Session info: chrome=91.0.4472.114)&#10;Build info: version: '3.141.59', revision: 'e82be7d358', time: '2018-11-14T08:17:03'&#10;System info: host: 'MacBook-Pro-de-Cristian.local', ip: '192.168.0.8', os.name: 'Mac OS X', os.arch: 'x86_64', os.version: '10.14.6', java.version: '1.8.0_291'&#10;Driver info: org.openqa.selenium.chrome.ChromeDriver&#10;Capabilities {acceptInsecureCerts: false, browserName: chrome, browserVersion: 91.0.4472.114, chrome: {chromedriverVersion: 91.0.4472.19 (1bf021f248676..., userDataDir: /var/folders/6g/cffbbfdx0_g...}, goog:chromeOptions: {debuggerAddress: localhost:50446}, javascriptEnabled: true, networkConnectionEnabled: false, pageLoadStrategy: normal, platform: MAC, platformName: MAC, proxy: Proxy(), setWindowRect: true, strictFileInteractability: false, timeouts: {implicit: 0, pageLoad: 300000, script: 30000}, unhandledPromptBehavior: dismiss and notify, webauthn:extension:largeBlob: true, webauthn:virtualAuthenticators: true}&#10;Session ID: 79c3da2668a0649423c8e1e8beb89e1e&#10;*** Element info: {Using=xpath, value=//div[@class='form-group col-xs-12 col-sm-12 col-md-6 col-lg-6 select2-theme-form']//*[contains(text(), 'June')]}" type="org.openqa.selenium.NoSuchWindowException">no such window: target window already closed
from unknown error: web view not found
  (Session info: chrome=91.0.4472.114)
Build info: version: '3.141.59', revision: 'e82be7d358', time: '2018-11-14T08:17:03'
System info: host: 'MacBook-Pro-de-Cristian.local', ip: '192.168.0.8', os.name: 'Mac OS X', os.arch: 'x86_64', os.version: '10.14.6', java.version: '1.8.0_291'
Driver info: org.openqa.selenium.chrome.ChromeDriver
Capabilities {acceptInsecureCerts: false, browserName: chrome, browserVersion: 91.0.4472.114, chrome: {chromedriverVersion: 91.0.4472.19 (1bf021f248676..., userDataDir: /var/folders/6g/cffbbfdx0_g...}, goog:chromeOptions: {debuggerAddress: localhost:50446}, javascriptEnabled: true, networkConnectionEnabled: false, pageLoadStrategy: normal, platform: MAC, platformName: MAC, proxy: Proxy(), setWindowRect: true, strictFileInteractability: false, timeouts: {implicit: 0, pageLoad: 300000, script: 30000}, unhandledPromptBehavior: dismiss and notify, webauthn:extension:largeBlob: true, webauthn:virtualAuthenticators: true}
Session ID: 79c3da2668a0649423c8e1e8beb89e1e
*** Element info: {Using=xpath, value=//div[@class='form-group col-xs-12 col-sm-12 col-md-6 col-lg-6 select2-theme-form']//*[contains(text(), 'June')]}</error><system-err>no such window: target window already closed
from unknown error: web view not found
  (Session info: chrome=91.0.4472.114)
Build info: version: '3.141.59', revision: 'e82be7d358', time: '2018-11-14T08:17:03'
System info: host: 'MacBook-Pro-de-Cristian.local', ip: '192.168.0.8', os.name: 'Mac OS X', os.arch: 'x86_64', os.version: '10.14.6', java.version: '1.8.0_291'
Driver info: org.openqa.selenium.chrome.ChromeDriver
Capabilities {acceptInsecureCerts: false, browserName: chrome, browserVersion: 91.0.4472.114, chrome: {chromedriverVersion: 91.0.4472.19 (1bf021f248676..., userDataDir: /var/folders/6g/cffbbfdx0_g...}, goog:chromeOptions: {debuggerAddress: localhost:50446}, javascriptEnabled: true, networkConnectionEnabled: false, pageLoadStrategy: normal, platform: MAC, platformName: MAC, proxy: Proxy(), setWindowRect: true, strictFileInteractability: false, timeouts: {implicit: 0, pageLoad: 300000, script: 30000}, unhandledPromptBehavior: dismiss and notify, webauthn:extension:largeBlob: true, webauthn:virtualAuthenticators: true}
Session ID: 79c3da2668a0649423c8e1e8beb89e1e
*** Element info: {Using=xpath, value=//div[@class='form-group col-xs-12 col-sm-12 col-md-6 col-lg-6 select2-theme-form']//*[contains(text(), 'June')]}
co.com.choucair.certification.proyecto_cristianc.tasks.Login.performAs(Login.java:42)
co.com.choucair.certification.proyecto_cristianc.stepdefinitions.ChoucairAcademyStepDefinitions.thanCristianwantstoregisterattheutestpage(ChoucairAcademyStepDefinitions.java:25)
cucumber.runner.Runner.runPickle(Runner.java:80)
</system-err></testcase></testsuite>